[2015.10.01-00.25.28:639][  0]Log file open, 09/30/15 17:25:28
[2015.10.01-00.25.28:639][  0]LogInit:Display: Running engine for game: ConspiracyBP
[2015.10.01-00.25.28:639][  0]LogInit:Display: RandInit(-1201113809) SRandInit(-1201113807).
[2015.10.01-00.25.28:639][  0]LogTaskGraph: Started task graph with 4 named threads and 7 total threads.
[2015.10.01-00.25.28:639][  0]LogStats: Stats thread started at 0.120581
[2015.10.01-00.25.28:639][  0]LogInit: Version: 4.9.1-2689999+++depot+UE4-Releases+4.9
[2015.10.01-00.25.28:639][  0]LogInit: API Version: 2672455
[2015.10.01-00.25.28:639][  0]LogInit: Compiled (64-bit): Sep 14 2015 04:12:03
[2015.10.01-00.25.28:639][  0]LogInit: Compiled with Visual C++: 18.00.21005.01
[2015.10.01-00.25.28:639][  0]LogInit: Build Configuration: Development
[2015.10.01-00.25.28:639][  0]LogInit: Branch Name: ++depot+UE4-Releases+4.9
[2015.10.01-00.25.28:639][  0]LogInit: Command line: 
[2015.10.01-00.25.28:639][  0]LogInit: Base directory: C:/Program Files/Epic Games/4.9/Engine/Binaries/Win64/
[2015.10.01-00.25.28:639][  0]LogInit: Rocket: 1
[2015.10.01-00.25.28:666][  0]LogInit: Using libcurl 7.41.0
[2015.10.01-00.25.28:666][  0]LogInit:  - built for x86_64-pc-win32
[2015.10.01-00.25.28:666][  0]LogInit:  - supports SSL with WinSSL
[2015.10.01-00.25.28:666][  0]LogInit:  - other features:
[2015.10.01-00.25.28:666][  0]LogInit:      CURL_VERSION_SSL
[2015.10.01-00.25.28:666][  0]LogInit:      CURL_VERSION_IPV6
[2015.10.01-00.25.28:666][  0]LogInit:      CURL_VERSION_ASYNCHDNS
[2015.10.01-00.25.28:666][  0]LogInit:      CURL_VERSION_LARGEFILE
[2015.10.01-00.25.28:666][  0]LogInit:      CURL_VERSION_IDN
[2015.10.01-00.25.28:666][  0]LogInit:  CurlRequestOptions (configurable via config and command line):
[2015.10.01-00.25.28:666][  0]LogInit:  - bVerifyPeer = true  - Libcurl will verify peer certificate
[2015.10.01-00.25.28:666][  0]LogInit:  - bUseHttpProxy = false  - Libcurl will NOT use HTTP proxy
[2015.10.01-00.25.28:666][  0]LogInit:  - bDontReuseConnections = false  - Libcurl will reuse connections
[2015.10.01-00.25.28:666][  0]LogInit:  - CertBundlePath = nullptr  - Libcurl will use whatever was configured at build time.
[2015.10.01-00.25.28:706][  0]LogInit: Presizing for 0 objects not considered by GC, pre-allocating 0 bytes.
[2015.10.01-00.25.28:715][  0]LogInit: Object subsystem initialized
[2015.10.01-00.25.28:717][  0]LogInit: Selected Device Profile: [Windows]
[2015.10.01-00.25.28:717][  0]LogInit: Applying CVar settings loaded from the selected device profile: [Windows]
[2015.10.01-00.25.28:731][  0]LogInit: Computer: DESKTOP-7LGJQD8
[2015.10.01-00.25.28:731][  0]LogInit: User: Whiskey
[2015.10.01-00.25.28:731][  0]LogInit: CPU Page size=4096, Cores=4
[2015.10.01-00.25.28:731][  0]LogInit: High frequency timer resolution =3.906564 MHz
[2015.10.01-00.25.28:731][  0]LogMemory: Memory total: Physical=16.0GB (16GB approx)
[2015.10.01-00.25.28:731][  0]LogMemory: Platform Memory Stats for Windows
[2015.10.01-00.25.28:731][  0]LogMemory: Process Physical Memory: 54.14 MB used, 54.14 MB peak
[2015.10.01-00.25.28:731][  0]LogMemory: Process Virtual Memory: 56.42 MB used, 56.42 MB peak
[2015.10.01-00.25.28:731][  0]LogMemory: Physical Memory: 4354.70 MB used, 16333.51 MB total
[2015.10.01-00.25.28:731][  0]LogMemory: Virtual Memory: 366.56 MB used, 134217728.00 MB total
[2015.10.01-00.25.28:938][  0]LogTextLocalizationManager: No specific translations for ('en-US') exist, so ('en') translations will be used.
[2015.10.01-00.25.29:956][  0]LogD3D11RHI: Found D3D11 adapter 0: NVIDIA GeForce GTX 960 (Feature Level 11_0)
[2015.10.01-00.25.29:956][  0]LogD3D11RHI: Adapter has 1969MB of dedicated video memory, 0MB of dedicated system memory, and 8166MB of shared system memory, 2 output[s]
[2015.10.01-00.25.29:958][  0]LogD3D11RHI: Found D3D11 adapter 1: Microsoft Basic Render Driver (Feature Level 11_0)
[2015.10.01-00.25.29:958][  0]LogD3D11RHI: Adapter has 0MB of dedicated video memory, 0MB of dedicated system memory, and 8166MB of shared system memory, 0 output[s]
[2015.10.01-00.25.29:958][  0]LogD3D11RHI: Chosen D3D11 Adapter Id = 0
[2015.10.01-00.25.29:965][  0]LogD3D11RHI: !Direct3DDevice
[2015.10.01-00.25.29:965][  0]LogRHI: Texture pool is 1361 MB (70% of 1945 MB)
[2015.10.01-00.25.29:982][  0]LogD3D11RHI: Async texture creation enabled
[2015.10.01-00.25.29:994][  0]LogShaderCompilers: Guid format shader working directory is 15 characters bigger than the processId version (D:/Documents/GitHub/ConspiracyBP/ConspiracyBP/Intermediate/Shaders/WorkingDirectory/7180/).
[2015.10.01-00.25.29:994][  0]LogShaderCompilers: Cleaned the shader compiler working directory 'D:/Documents/GitHub/ConspiracyBP/ConspiracyBP/Intermediate/Shaders/tmp/511E569845CC880A33AD9B9AB4F442E5/'.
[2015.10.01-00.25.29:994][  0]LogShaderCompilers:Display: Using Local Shader Compiler.
[2015.10.01-00.25.32:385][  0]LogTemp:Display: Loaded TP AllDesktopTargetPlatform
[2015.10.01-00.25.32:398][  0]LogTemp:Display: Loaded TP WindowsClientTargetPlatform
[2015.10.01-00.25.32:409][  0]LogTemp:Display: Loaded TP WindowsNoEditorTargetPlatform
[2015.10.01-00.25.32:422][  0]LogTemp:Display: Loaded TP WindowsServerTargetPlatform
[2015.10.01-00.25.32:429][  0]LogTemp:Display: Loaded TP WindowsTargetPlatform
[2015.10.01-00.25.32:436][  0]LogTemp:Display: Loaded TP AndroidTargetPlatform
[2015.10.01-00.25.32:443][  0]LogTemp:Display: Loaded TP Android_ASTCTargetPlatform
[2015.10.01-00.25.32:452][  0]LogTemp:Display: Loaded TP Android_ATCTargetPlatform
[2015.10.01-00.25.32:460][  0]LogTemp:Display: Loaded TP Android_DXTTargetPlatform
[2015.10.01-00.25.32:470][  0]LogTemp:Display: Loaded TP Android_ETC1TargetPlatform
[2015.10.01-00.25.32:478][  0]LogTemp:Display: Loaded TP Android_ETC2TargetPlatform
[2015.10.01-00.25.32:488][  0]LogTemp:Display: Loaded TP Android_PVRTCTargetPlatform
[2015.10.01-00.25.32:489][  0]LogTemp:Display: Loaded TP HTML5TargetPlatform
[2015.10.01-00.25.32:538][  0]LogTemp:Display: Loaded TP IOSTargetPlatform
[2015.10.01-00.25.32:547][  0]LogTemp:Display: Loaded TP LinuxNoEditorTargetPlatform
[2015.10.01-00.25.32:556][  0]LogTemp:Display: Loaded TP LinuxServerTargetPlatform
[2015.10.01-00.25.32:568][  0]LogTemp:Display: Loaded TP LinuxTargetPlatform
[2015.10.01-00.25.32:568][  0]LogTargetPlatformManager:Display: Building Assets For Windows
[2015.10.01-00.25.32:943][  0]LogDerivedDataCache:Display: Max Cache Size: 512 MB
[2015.10.01-00.25.33:025][  0]LogDerivedDataCache: Loaded boot cache 0.08s 41MB C:/Users/Whiskey/AppData/Local/UnrealEngine/4.9/DerivedDataCache/Boot.ddc.
[2015.10.01-00.25.33:025][  0]LogDerivedDataCache:Display: Loaded Boot cache: C:/Users/Whiskey/AppData/Local/UnrealEngine/4.9/DerivedDataCache/Boot.ddc
[2015.10.01-00.25.33:025][  0]LogDerivedDataCache: FDerivedDataBackendGraph:  Pak pak cache file D:/Documents/GitHub/ConspiracyBP/ConspiracyBP/DerivedDataCache/DDC.ddp not found, will not use a pak cache.
[2015.10.01-00.25.33:025][  0]LogDerivedDataCache: Unable to find inner node Pak for hierarchical cache Hierarchy.
[2015.10.01-00.25.33:025][  0]LogDerivedDataCache: FDerivedDataBackendGraph:  CompressedPak pak cache file D:/Documents/GitHub/ConspiracyBP/ConspiracyBP/DerivedDataCache/Compressed.ddp not found, will not use a pak cache.
[2015.10.01-00.25.33:025][  0]LogDerivedDataCache: Unable to find inner node CompressedPak for hierarchical cache Hierarchy.
[2015.10.01-00.25.33:209][  0]LogDerivedDataCache:Display: Pak cache opened for reading ../../../Engine/DerivedDataCache/Compressed.ddp.
[2015.10.01-00.25.33:221][  0]LogDerivedDataCache: Using Local data cache path C:/Users/Whiskey/AppData/Local/UnrealEngine/Common/DerivedDataCache: Writable
[2015.10.01-00.25.36:530][  0]LogInit: Selected Device Profile: [Windows]
[2015.10.01-00.25.36:534][  0]LogContentStreaming: Texture pool size is 0.000000MB
[2015.10.01-00.25.36:720][  0]LogMeshUtilities: No automatic mesh reduction module available
[2015.10.01-00.25.36:720][  0]LogMeshUtilities: No automatic mesh merging module available
[2015.10.01-00.25.37:248][  0]LogInit: WinSock: version 1.1 (2.2), MaxSocks=32767, MaxUdp=65467
[2015.10.01-00.25.38:928][  0]LogAssetRegistry: FAssetRegistry took 0.0108 seconds to start up
[2015.10.01-00.25.38:954][  0]UdpMessaging: Initializing bridge on interface 0.0.0.0:0 to multicast group 230.0.0.1:6666.
[2015.10.01-00.25.39:355][  0]SourceControl: Info Source control is disabled
[2015.10.01-00.25.39:367][  0]SourceControl: Info Source control is disabled
[2015.10.01-00.25.39:381][  0]SourceControl: Info Source control is disabled
[2015.10.01-00.25.39:395][  0]SourceControl: Info Source control is disabled
[2015.10.01-00.25.39:642][  0]LogLinker:Warning: Asset '../../../Engine/Plugins/Runtime/LeapMotionController/Content/LM_PassthroughMaterial.uasset' has been saved with empty engine version. The asset will be loaded but may be incompatible.
[2015.10.01-00.25.39:809][  0]LogObj: 28528 objects as part of root set at end of initial load.
[2015.10.01-00.25.39:809][  0]LogUObjectAllocator: 6068456 out of 0 bytes used by permanent object pool.
[2015.10.01-00.25.39:889][  0]LogEngine: Initializing Engine...
[2015.10.01-00.25.39:892][  0]LogHMD: Can't find Oculus library dev build: is proper Runtime installed? Version: 0.7.0.0
[2015.10.01-00.25.39:903][  0]LogHMD: SteamVR failed to initialize.  Err: 110
[2015.10.01-00.25.40:158][  0]LogAIModule: Creating AISystem for world NewWorld
[2015.10.01-00.25.40:174][  0]LogInit: XAudio2 using 'Speakers (Realtek High Definition Audio)' : 2 channels at 48 kHz using 32 bits per sample (channel mask 0x3)
[2015.10.01-00.25.40:204][  0]LogInit: FAudioDevice initialized.
[2015.10.01-00.25.40:241][  0]LogDerivedDataCache: Saved boot cache 0.04s 41MB C:/Users/Whiskey/AppData/Local/UnrealEngine/4.9/DerivedDataCache/Boot.ddc.
[2015.10.01-00.25.40:252][  0]LogInit: Texture streaming: Enabled
[2015.10.01-00.25.40:259][  0]LogAnalytics: Creating configured Analytics provider AnalyticsET
[2015.10.01-00.25.40:259][  0]LogAnalytics: [UEEditor.Rocket.Release] APIServer = http://et2.epicgames.com/ET2/. AppVersion = 4.9.1-2689999+++depot+UE4-Releases+4.9
[2015.10.01-00.25.40:259][  0]LogAnalytics: [UEEditor.Rocket.Release] SetUserId ced7fe6a4721e1f0b439cdb8e66ca10f|e6bb8d4d5a9d435a86d7b177b234e642|3ab1b96a-0b64-4ac8-abbd-4d6cc8102ca2
[2015.10.01-00.25.40:259][  0]LogAnalytics: [UEEditor.Rocket.Release] AnalyticsET::StartSession
[2015.10.01-00.25.40:309][  0]LogInit: Transaction tracking system initialized
[2015.10.01-00.25.40:350][  0]BlueprintLog: New page: Editor Load
[2015.10.01-00.25.40:841][  0]LocalizationService: Info Localization service is disabled
[2015.10.01-00.25.40:980][  0]LogConsoleResponse:Display: 
[2015.10.01-00.25.41:128][  0]LogCook:Display: Done creating registry. It took  0.00s.
[2015.10.01-00.25.41:221][  0]LogFileCache: Scanning file cache for directory 'D:/Documents/GitHub/ConspiracyBP/ConspiracyBP/Content/' took 0.01s
[2015.10.01-00.25.41:221][  0]SourceControl: Info Source control is disabled
[2015.10.01-00.25.41:221][  0]Cmd: MAP LOAD FILE="D:/Documents/GitHub/ConspiracyBP/ConspiracyBP/Content/ThirdPersonBP/Maps/ThirdPersonExampleMap.umap" TEMPLATE=0 SHOWPROGRESS=1 FEATURELEVEL=3
[2015.10.01-00.25.41:222][  0]LightingResults: New page: Lighting Build
[2015.10.01-00.25.41:226][  0]MapCheck: New page: Map Check
[2015.10.01-00.25.41:226][  0]LightingResults: New page: Lighting Build
[2015.10.01-00.25.41:246][  0]LogParticles: Destroying 0 GPU particle simulations for FXSystem 0x0000009E8D64D1C0
[2015.10.01-00.25.41:249][  0]LogLinker:Warning: Asset 'D:/Documents/GitHub/ConspiracyBP/ConspiracyBP/Content/ThirdPersonBP/Blueprints/ThirdPersonCharacter.uasset' has been saved with empty engine version. The asset will be loaded but may be incompatible.
[2015.10.01-00.25.41:252][  0]LogLinker:Warning: Asset 'D:/Documents/GitHub/ConspiracyBP/ConspiracyBP/Content/Mannequin/Animations/ThirdPerson_AnimBP.uasset' has been saved with empty engine version. The asset will be loaded but may be incompatible.
[2015.10.01-00.25.41:254][  0]LogLinker:Warning: Asset 'D:/Documents/GitHub/ConspiracyBP/ConspiracyBP/Content/Mannequin/Animations/ThirdPerson_Jump.uasset' has been saved with empty engine version. The asset will be loaded but may be incompatible.
[2015.10.01-00.25.41:257][  0]LogLinker:Warning: Asset 'D:/Documents/GitHub/ConspiracyBP/ConspiracyBP/Content/Mannequin/Animations/ThirdPersonJump_Loop.uasset' has been saved with empty engine version. The asset will be loaded but may be incompatible.
[2015.10.01-00.25.41:258][  0]LogLinker:Warning: Asset 'D:/Documents/GitHub/ConspiracyBP/ConspiracyBP/Content/Mannequin/Animations/ThirdPersonJump_Start.uasset' has been saved with empty engine version. The asset will be loaded but may be incompatible.
[2015.10.01-00.25.41:259][  0]LogLinker:Warning: Asset 'D:/Documents/GitHub/ConspiracyBP/ConspiracyBP/Content/Mannequin/Animations/ThirdPerson_IdleRun_2D.uasset' has been saved with empty engine version. The asset will be loaded but may be incompatible.
[2015.10.01-00.25.41:260][  0]LogLinker:Warning: Asset 'D:/Documents/GitHub/ConspiracyBP/ConspiracyBP/Content/Mannequin/Animations/ThirdPersonIdle.uasset' has been saved with empty engine version. The asset will be loaded but may be incompatible.
[2015.10.01-00.25.41:261][  0]LogLinker:Warning: Asset 'D:/Documents/GitHub/ConspiracyBP/ConspiracyBP/Content/Mannequin/Animations/ThirdPersonRun.uasset' has been saved with empty engine version. The asset will be loaded but may be incompatible.
[2015.10.01-00.25.41:263][  0]LogLinker:Warning: Asset 'D:/Documents/GitHub/ConspiracyBP/ConspiracyBP/Content/Mannequin/Animations/ThirdPersonWalk.uasset' has been saved with empty engine version. The asset will be loaded but may be incompatible.
[2015.10.01-00.25.42:168][  0]LogAIModule: Creating AISystem for world ThirdPersonExampleMap
[2015.10.01-00.25.42:192][  0]LogEditorServer: Finished looking for orphan Actors (0.000 secs)
[2015.10.01-00.25.42:194][  0]Cmd: MAP CHECKDEP NOCLEARLOG
[2015.10.01-00.25.42:263][  0]MapCheck: Info Map check complete: 0 Error(s), 0 Warning(s), took 68.965ms to complete.
[2015.10.01-00.25.42:263][  0]LogFileHelpers: Loading map 'ThirdPersonExampleMap' took 1.042
[2015.10.01-00.25.42:484][  0]LogCollectionManager: Loaded 0 collections in 0.003739 seconds
[2015.10.01-00.25.42:561][  0]LogFileCache: Scanning file cache for directory 'D:/Documents/GitHub/ConspiracyBP/ConspiracyBP/Saved/Collections/' took 0.02s
[2015.10.01-00.25.42:561][  0]LogFileCache: Scanning file cache for directory 'D:/Documents/GitHub/ConspiracyBP/ConspiracyBP/Content/Developers/Whiskey/Collections/' took 0.01s
[2015.10.01-00.25.42:561][  0]LogFileCache: Scanning file cache for directory 'D:/Documents/GitHub/ConspiracyBP/ConspiracyBP/Content/Collections/' took 0.01s
[2015.10.01-00.25.42:561][  0]LogContentBrowser: Native class hierarchy populated in 0.0165 seconds. Added 1882 classes and 339 folders.
[2015.10.01-00.25.42:585][  0]LogCollectionManager: Rebuilt the GUID cache for 0 collections in 0.000004 seconds
[2015.10.01-00.25.42:603][  0]LogContentBrowser: Native class hierarchy updated for 'WidgetCarousel' in 0.0005 seconds. Added 0 classes and 0 folders.
[2015.10.01-00.25.42:939][  0]LogContentBrowser: Native class hierarchy updated for 'AddContentDialog' in 0.0004 seconds. Added 0 classes and 0 folders.
[2015.10.01-00.25.42:952][  0]LogContentBrowser: Native class hierarchy updated for 'SceneOutliner' in 0.0005 seconds. Added 1 classes and 2 folders.
[2015.10.01-00.25.42:973][  0]LogCrashTracker: Crashtracker disabled due to settings.
[2015.10.01-00.25.42:991][  0]LogUObjectGlobals:Warning: Failed to find object 'Class None.'
[2015.10.01-00.25.43:016][  0]LogLoad: Full Startup: 15.47 seconds (BP compile: 0.17 seconds)
[2015.10.01-00.25.43:160][  0]LogContentStreaming: Texture pool size now 1000 MB
[2015.10.01-00.25.43:331][  0]LogRenderer: Reallocating scene render targets to support 1208x576 (Frame:2).
[2015.10.01-00.25.43:666][  6]LogAssetRegistry: Asset discovery search completed in 4.7489 seconds
[2015.10.01-00.25.43:666][  6]LogCollectionManager: Rebuilt the object cache for 0 collections in 0.000001 seconds (found 0 objects)
[2015.10.01-00.25.43:666][  6]LogCollectionManager: Fixed up redirectors for 0 collections in 0.000049 seconds (updated 0 objects)
[2015.10.01-00.25.58:942][829]LogEditorViewport: Clicking on Actor (LMB): StaticMeshActor (CubeMesh)
[2015.10.01-00.26.02:534][247]LogEditorViewport: Clicking on Actor (LMB): StaticMeshActor (CubeMesh)
[2015.10.01-00.26.16:235][830]LogActorFactory: Actor Factory created Cube
[2015.10.01-00.26.16:972][912]LogActorFactory: Actor Factory created Cube
[2015.10.01-00.26.21:208][416]LogEditorViewport: Clicking on Actor (context menu): StaticMeshActor (Cube)
[2015.10.01-00.26.38:489][407]LogEditorViewport: Clicking on Actor (LMB): StaticMeshActor (Cube)
[2015.10.01-00.26.44:209][ 74]LogEditorViewport: Clicking on Component (LMB): StaticMeshComponent (StaticMeshComponent0)
[2015.10.01-00.26.49:394][555]LogRenderer: Reallocating scene render targets to support 1432x924 (Frame:5763).
[2015.10.01-00.33.01:037][955]LogSavePackage: Save=323.728210ms
[2015.10.01-00.33.01:037][955]LogSavePackage: Moving 'D:/Documents/GitHub/ConspiracyBP/ConspiracyBP/Saved/ThirdPersonExampleMapEBE882F042485A492AD86D898F4D1782.tmp' to 'D:/Documents/GitHub/ConspiracyBP/ConspiracyBP/Content/ThirdPersonBP/Maps/ThirdPersonExampleMap.umap'
[2015.10.01-00.33.01:043][955]LogSavePackage: Total save time: 348.342430ms
[2015.10.01-00.33.01:043][955]LogSavePackage:Warning: Finished SavePackage D:/Documents/GitHub/ConspiracyBP/ConspiracyBP/Content/ThirdPersonBP/Maps/ThirdPersonExampleMap.umap
[2015.10.01-00.33.01:074][955]LogFileHelpers: Saving map 'ThirdPersonExampleMap' took 0.466
[2015.10.01-00.33.01:211][955]LogWindowsTextInputMethodSystem:Display: IME system now deactivated.
[2015.10.01-00.33.01:548][956]Cmd: QUIT_EDITOR
[2015.10.01-00.33.01:860][956]LogExit: Preparing to exit.
[2015.10.01-00.33.02:165][956]LogExit: Editor shut down
[2015.10.01-00.33.02:165][956]LogExit: Transaction tracking system shut down
[2015.10.01-00.33.02:167][956]LogParticles: Destroying 0 GPU particle simulations for FXSystem 0x0000009EFF7CAE80
[2015.10.01-00.33.02:168][956]LogParticles: Destroying 0 GPU particle simulations for FXSystem 0x0000009E9FC32020
[2015.10.01-00.33.02:169][956]LogParticles: Destroying 0 GPU particle simulations for FXSystem 0x0000009E9F7B3560
[2015.10.01-00.33.02:169][956]LogParticles: Destroying 0 GPU particle simulations for FXSystem 0x0000009EFF2F6660
[2015.10.01-00.33.02:169][956]LogParticles: Destroying 0 GPU particle simulations for FXSystem 0x0000009EFF25D9E0
[2015.10.01-00.33.02:346][956]LogExit: Object subsystem successfully closed.
[2015.10.01-00.33.02:363][956]LogD3D11RHI: Shutdown
[2015.10.01-00.33.02:363][956]LogD3D11RHI: CleanupD3DDevice
[2015.10.01-00.33.02:443][956]LogD3D11RHI: ~FD3D11DynamicRHI
[2015.10.01-00.33.02:473][956]LogModuleManager: Shutting down and abandoning module StaticMeshEditor (200)
[2015.10.01-00.33.02:473][956]LogModuleManager: Shutting down and abandoning module CrashTracker (199)
[2015.10.01-00.33.02:473][956]LogModuleManager: Shutting down and abandoning module SceneOutliner (198)
[2015.10.01-00.33.02:473][956]LogModuleManager: Shutting down and abandoning module SuperSearch (197)
[2015.10.01-00.33.02:473][956]LogModuleManager: Shutting down and abandoning module WidgetCarousel (196)
[2015.10.01-00.33.02:473][956]LogModuleManager: Shutting down and abandoning module AddContentDialog (195)
[2015.10.01-00.33.02:475][956]LogModuleManager: Shutting down and abandoning module EditorWidgets (194)
[2015.10.01-00.33.02:475][956]LogModuleManager: Shutting down and abandoning module CollectionManager (193)
[2015.10.01-00.33.02:475][956]LogModuleManager: Shutting down and abandoning module StatsViewer (192)
[2015.10.01-00.33.02:475][956]LogModuleManager: Shutting down and abandoning module FoliageEdit (191)
[2015.10.01-00.33.02:475][956]LogModuleManager: Shutting down and abandoning module LandscapeEditor (190)
[2015.10.01-00.33.02:475][956]LogModuleManager: Shutting down and abandoning module ActorPickerMode (189)
[2015.10.01-00.33.02:475][956]LogModuleManager: Shutting down and abandoning module GeometryMode (188)
[2015.10.01-00.33.02:475][956]LogModuleManager: Shutting down and abandoning module TextureAlignMode (187)
[2015.10.01-00.33.02:475][956]LogModuleManager: Shutting down and abandoning module BspMode (186)
[2015.10.01-00.33.02:475][956]LogModuleManager: Shutting down and abandoning module PlacementMode (185)
[2015.10.01-00.33.02:475][956]LogModuleManager: Shutting down and abandoning module AutomationWorker (184)
[2015.10.01-00.33.02:475][956]LogModuleManager: Shutting down and abandoning module CharacterAI (183)
[2015.10.01-00.33.02:475][956]LogModuleManager: Shutting down and abandoning module SmartSnapping (182)
[2015.10.01-00.33.02:475][956]LogModuleManager: Shutting down and abandoning module ViewportSnapping (181)
[2015.10.01-00.33.02:475][956]LogModuleManager: Shutting down and abandoning module LogVisualizer (180)
[2015.10.01-00.33.02:476][956]LogModuleManager: Shutting down and abandoning module GameProjectGeneration (179)
[2015.10.01-00.33.02:476][956]LogModuleManager: Shutting down and abandoning module IntroTutorials (178)
[2015.10.01-00.33.02:476][956]LogModuleManager: Shutting down and abandoning module EditorLiveStreaming (177)
[2015.10.01-00.33.02:476][956]LogModuleManager: Shutting down and abandoning module IOSPlatformEditor (176)
[2015.10.01-00.33.02:476][956]LogModuleManager: Shutting down and abandoning module HTML5PlatformEditor (175)
[2015.10.01-00.33.02:476][956]LogModuleManager: Shutting down and abandoning module AndroidDeviceDetection (174)
[2015.10.01-00.33.03:083][956]LogModuleManager: Shutting down and abandoning module AndroidPlatformEditor (173)
[2015.10.01-00.33.03:083][956]LogModuleManager: Shutting down and abandoning module IOSRuntimeSettings (172)
[2015.10.01-00.33.03:083][956]LogModuleManager: Shutting down and abandoning module AndroidRuntimeSettings (171)
[2015.10.01-00.33.03:083][956]LogModuleManager: Shutting down and abandoning module MergeActors (170)
[2015.10.01-00.33.03:083][956]LogModuleManager: Shutting down and abandoning module SizeMap (169)
[2015.10.01-00.33.03:083][956]LogModuleManager: Shutting down and abandoning module TreeMap (168)
[2015.10.01-00.33.03:083][956]LogModuleManager: Shutting down and abandoning module ReferenceViewer (167)
[2015.10.01-00.33.03:083][956]LogModuleManager: Shutting down and abandoning module LocalizationService (166)
[2015.10.01-00.33.03:083][956]LogModuleManager: Shutting down and abandoning module LocalizationDashboard (165)
[2015.10.01-00.33.03:083][956]LogModuleManager: Shutting down and abandoning module HardwareTargeting (164)
[2015.10.01-00.33.03:083][956]LogModuleManager: Shutting down and abandoning module DeviceProfileEditor (163)
[2015.10.01-00.33.03:083][956]LogModuleManager: Shutting down and abandoning module UndoHistory (162)
[2015.10.01-00.33.03:083][956]LogModuleManager: Shutting down and abandoning module GameplayTagsEditor (161)
[2015.10.01-00.33.03:083][956]LogModuleManager: Shutting down and abandoning module UserFeedback (160)
[2015.10.01-00.33.03:083][956]LogModuleManager: Shutting down and abandoning module XmlParser (159)
[2015.10.01-00.33.03:083][956]LogModuleManager: Shutting down and abandoning module Blutility (158)
[2015.10.01-00.33.03:083][956]LogModuleManager: Shutting down and abandoning module ProjectTargetPlatformEditor (157)
[2015.10.01-00.33.03:083][956]LogModuleManager: Shutting down and abandoning module ProjectSettingsViewer (156)
[2015.10.01-00.33.03:083][956]LogModuleManager: Shutting down and abandoning module InputBindingEditor (155)
[2015.10.01-00.33.03:084][956]LogModuleManager: Shutting down and abandoning module EditorSettingsViewer (154)
[2015.10.01-00.33.03:084][956]LogModuleManager: Shutting down and abandoning module SettingsEditor (153)
[2015.10.01-00.33.03:084][956]LogModuleManager: Shutting down and abandoning module ProjectLauncher (152)
[2015.10.01-00.33.03:084][956]LogModuleManager: Shutting down and abandoning module SessionFrontend (151)
[2015.10.01-00.33.03:084][956]LogModuleManager: Shutting down and abandoning module ProfilerClient (150)
[2015.10.01-00.33.03:084][956]LogModuleManager: Shutting down and abandoning module TargetDeviceServices (149)
[2015.10.01-00.33.03:084][956]LogModuleManager: Shutting down and abandoning module DeviceManager (148)
[2015.10.01-00.33.03:084][956]LogModuleManager: Shutting down and abandoning module AutomationController (147)
[2015.10.01-00.33.03:084][956]LogModuleManager: Shutting down and abandoning module AutomationWindow (146)
[2015.10.01-00.33.03:084][956]LogModuleManager: Shutting down and abandoning module Layers (145)
[2015.10.01-00.33.03:084][956]LogModuleManager: Shutting down and abandoning module ComponentVisualizers (144)
[2015.10.01-00.33.03:084][956]LogModuleManager: Shutting down and abandoning module DetailCustomizations (143)
[2015.10.01-00.33.03:085][956]LogModuleManager: Shutting down and abandoning module PackagesDialog (142)
[2015.10.01-00.33.03:085][956]LogModuleManager: Shutting down and abandoning module Persona (141)
[2015.10.01-00.33.03:085][956]LogModuleManager: Shutting down and abandoning module Kismet (140)
[2015.10.01-00.33.03:085][956]LogModuleManager: Shutting down and abandoning module GraphEditor (139)
[2015.10.01-00.33.03:085][956]LogModuleManager: Shutting down and abandoning module ClassViewer (138)
[2015.10.01-00.33.03:085][956]LogModuleManager: Shutting down and abandoning module Toolbox (137)
[2015.10.01-00.33.03:085][956]LogModuleManager: Shutting down and abandoning module ModuleUI (136)
[2015.10.01-00.33.03:085][956]LogModuleManager: Shutting down and abandoning module MovieSceneTools (135)
[2015.10.01-00.33.03:085][956]LogModuleManager: Shutting down and abandoning module OutputLog (134)
[2015.10.01-00.33.03:085][956]LogModuleManager: Shutting down and abandoning module GammaUI (133)
[2015.10.01-00.33.03:085][956]LogModuleManager: Shutting down and abandoning module Documentation (132)
[2015.10.01-00.33.03:085][956]LogModuleManager: Shutting down and abandoning module GameLiveStreaming (131)
[2015.10.01-00.33.03:085][956]LogModuleManager: Shutting down and abandoning module StreamingPauseRendering (130)
[2015.10.01-00.33.03:085][956]LogModuleManager: Shutting down and abandoning module AnalyticsET (129)
[2015.10.01-00.33.03:085][956]LogModuleManager: Shutting down and abandoning module Analytics (128)
[2015.10.01-00.33.03:085][956]LogModuleManager: Shutting down and abandoning module AITestSuite (127)
[2015.10.01-00.33.03:085][956]LogModuleManager: Shutting down and abandoning module GameplayDebugger (126)
[2015.10.01-00.33.03:085][956]LogModuleManager: Shutting down and abandoning module AIModule (125)
[2015.10.01-00.33.03:085][956]LogModuleManager: Shutting down and abandoning module ProfilerService (124)
[2015.10.01-00.33.03:169][956]LogModuleManager: Shutting down and abandoning module TaskGraph (123)
[2015.10.01-00.33.03:169][956]LogModuleManager: Shutting down and abandoning module SubstanceEditor (122)
[2015.10.01-00.33.03:169][956]LogModuleManager: Shutting down and abandoning module SlateRemote (121)
[2015.10.01-00.33.03:169][956]LogModuleManager: Shutting down and abandoning module SteamVRController (120)
[2015.10.01-00.33.03:169][956]LogModuleManager: Shutting down and abandoning module SteamVR (119)
[2015.10.01-00.33.03:169][956]LogModuleManager: Shutting down and abandoning module ProceduralMeshComponent (118)
[2015.10.01-00.33.03:169][956]LogModuleManager: Shutting down and abandoning module OculusRift (117)
[2015.10.01-00.33.03:169][956]LogModuleManager: Shutting down and abandoning module OculusLibrary (116)
[2015.10.01-00.33.03:169][956]LogModuleManager: Shutting down and abandoning module LeapMotionController (115)
[2015.10.01-00.33.03:188][956]LogModuleManager: Shutting down and abandoning module CustomMeshComponent (114)
[2015.10.01-00.33.03:188][956]LogModuleManager: Shutting down and abandoning module CableComponent (113)
[2015.10.01-00.33.03:188][956]LogModuleManager: Shutting down and abandoning module ArchVisCharacter (112)
[2015.10.01-00.33.03:188][956]LogModuleManager: Shutting down and abandoning module MessagingDebugger (111)
[2015.10.01-00.33.03:188][956]LogModuleManager: Shutting down and abandoning module MediaPlayerEditor (110)
[2015.10.01-00.33.03:188][956]LogModuleManager: Shutting down and abandoning module HTML5Networking (109)
[2015.10.01-00.33.03:188][956]LogModuleManager: Shutting down and abandoning module SpeedTreeImporter (108)
[2015.10.01-00.33.03:188][956]LogModuleManager: Shutting down and abandoning module PluginBrowser (107)
[2015.10.01-00.33.03:188][956]LogModuleManager: Shutting down and abandoning module EpicSurvey (106)
[2015.10.01-00.33.03:188][956]LogModuleManager: Shutting down and abandoning module DesktopPlatform (105)
[2015.10.01-00.33.03:188][956]LogModuleManager: Shutting down and abandoning module VisualStudioSourceCodeAccess (104)
[2015.10.01-00.33.03:188][956]LogModuleManager: Shutting down and abandoning module UObjectPlugin (103)
[2015.10.01-00.33.03:188][956]LogModuleManager: Shutting down and abandoning module SubversionSourceControl (102)
[2015.10.01-00.33.03:188][956]LogModuleManager: Shutting down and abandoning module PerforceSourceControl (101)
[2015.10.01-00.33.03:188][956]LogModuleManager: Shutting down and abandoning module SourceControl (100)
[2015.10.01-00.33.03:188][956]LogModuleManager: Shutting down and abandoning module GitSourceControl (99)
[2015.10.01-00.33.03:188][956]LogModuleManager: Shutting down and abandoning module LightPropagationVolumeEditor (98)
[2015.10.01-00.33.03:188][956]LogModuleManager: Shutting down and abandoning module PaperTiledImporter (97)
[2015.10.01-00.33.03:188][956]LogModuleManager: Shutting down and abandoning module PaperSpriteSheetImporter (96)
[2015.10.01-00.33.03:188][956]LogModuleManager: Shutting down and abandoning module MeshPaint (95)
[2015.10.01-00.33.03:188][956]LogModuleManager: Shutting down and abandoning module SlateReflector (94)
[2015.10.01-00.33.03:188][956]LogModuleManager: Shutting down and abandoning module HotReload (93)
[2015.10.01-00.33.03:189][956]LogModuleManager: Shutting down and abandoning module MainFrame (92)
[2015.10.01-00.33.03:189][956]LogModuleManager: Shutting down and abandoning module LevelEditor (91)
[2015.10.01-00.33.03:190][956]LogModuleManager: Shutting down and abandoning module ContentBrowser (90)
[2015.10.01-00.33.03:192][956]LogModuleManager: Shutting down and abandoning module Paper2DEditor (89)
[2015.10.01-00.33.03:192][956]LogModuleManager: Shutting down and abandoning module UdpMessaging (88)
[2015.10.01-00.33.03:293][956]LogModuleManager: Shutting down and abandoning module DirectoryWatcher (87)
[2015.10.01-00.33.03:293][956]LogModuleManager: Shutting down and abandoning module AssetRegistry (86)
[2015.10.01-00.33.03:396][956]LogModuleManager: Shutting down and abandoning module SubstanceCore (85)
[2015.10.01-00.33.03:396][956]LogModuleManager: Shutting down and abandoning module LightPropagationVolumeRuntime (84)
[2015.10.01-00.33.03:396][956]LogModuleManager: Shutting down and abandoning module Paper2D (83)
[2015.10.01-00.33.03:396][956]LogModuleManager: Shutting down and abandoning module WindowsMoviePlayer (82)
[2015.10.01-00.33.03:401][956]LogModuleManager: Shutting down and abandoning module Media (81)
[2015.10.01-00.33.03:401][956]LogModuleManager: Shutting down and abandoning module WmfMedia (80)
[2015.10.01-00.33.03:401][956]LogModuleManager: Shutting down and abandoning module OnlineBlueprintSupport (79)
[2015.10.01-00.33.03:401][956]LogModuleManager: Shutting down and abandoning module GameplayTasksEditor (78)
[2015.10.01-00.33.03:401][956]LogModuleManager: Shutting down and abandoning module PropertyEditor (77)
[2015.10.01-00.33.03:401][956]LogModuleManager: Shutting down and abandoning module BehaviorTreeEditor (76)
[2015.10.01-00.33.03:401][956]LogModuleManager: Shutting down and abandoning module FunctionalTesting (75)
[2015.10.01-00.33.03:401][956]LogModuleManager: Shutting down and abandoning module CollisionAnalyzer (74)
[2015.10.01-00.33.03:401][956]LogModuleManager: Shutting down and abandoning module WorkspaceMenuStructure (73)
[2015.10.01-00.33.03:401][956]LogModuleManager: Shutting down and abandoning module MessageLog (72)
[2015.10.01-00.33.03:401][956]LogModuleManager: Shutting down and abandoning module Sequencer (71)
[2015.10.01-00.33.03:401][956]LogModuleManager: Shutting down and abandoning module AssetTools (70)
[2015.10.01-00.33.03:401][956]LogModuleManager: Shutting down and abandoning module UMGEditor (69)
[2015.10.01-00.33.03:401][956]LogModuleManager: Shutting down and abandoning module UMG (68)
[2015.10.01-00.33.03:401][956]LogModuleManager: Shutting down and abandoning module Slate (67)
[2015.10.01-00.33.03:401][956]LogModuleManager: Shutting down and abandoning module EditorStyle (66)
[2015.10.01-00.33.03:404][956]LogModuleManager: Shutting down and abandoning module SessionServices (65)
[2015.10.01-00.33.03:404][956]LogModuleManager: Shutting down and abandoning module SourceCodeAccess (64)
[2015.10.01-00.33.03:404][956]LogModuleManager: Shutting down and abandoning module HeadMountedDisplay (63)
[2015.10.01-00.33.03:404][956]LogModuleManager: Shutting down and abandoning module XAudio2 (62)
[2015.10.01-00.33.03:404][956]LogModuleManager: Shutting down and abandoning module Networking (60)
[2015.10.01-00.33.03:404][956]LogModuleManager: Shutting down and abandoning module Core (59)
[2015.10.01-00.33.03:404][956]LogModuleManager: Shutting down and abandoning module KismetCompiler (58)
[2015.10.01-00.33.03:404][956]LogModuleManager: Shutting down and abandoning module PhysXFormats (57)
[2015.10.01-00.33.03:404][956]LogModuleManager: Shutting down and abandoning module MeshUtilities (56)
[2015.10.01-00.33.03:404][956]LogModuleManager: Shutting down and abandoning module CookingStats (55)
[2015.10.01-00.33.03:405][956]LogModuleManager: Shutting down and abandoning module DerivedDataCache (54)
[2015.10.01-00.33.03:422][956]LogDerivedDataCache: Shutdown
[2015.10.01-00.33.03:422][956]LogModuleManager: Shutting down and abandoning module ShaderFormatOpenGL (53)
[2015.10.01-00.33.03:422][956]LogModuleManager: Shutting down and abandoning module ShaderFormatD3D (52)
[2015.10.01-00.33.03:422][956]LogModuleManager: Shutting down and abandoning module MetalShaderFormat (51)
[2015.10.01-00.33.03:422][956]LogModuleManager: Shutting down and abandoning module TextureFormatUncompressed (50)
[2015.10.01-00.33.03:422][956]LogModuleManager: Shutting down and abandoning module TextureFormatPVR (49)
[2015.10.01-00.33.03:422][956]LogModuleManager: Shutting down and abandoning module TextureFormatIntelISPCTexComp (48)
[2015.10.01-00.33.03:422][956]LogModuleManager: Shutting down and abandoning module TextureFormatDXT (47)
[2015.10.01-00.33.03:422][956]LogModuleManager: Shutting down and abandoning module ImageWrapper (46)
[2015.10.01-00.33.03:422][956]LogModuleManager: Shutting down and abandoning module TextureFormatASTC (45)
[2015.10.01-00.33.03:422][956]LogModuleManager: Shutting down and abandoning module TextureFormatAndroid (44)
[2015.10.01-00.33.03:422][956]LogModuleManager: Shutting down and abandoning module AudioFormatOpus (43)
[2015.10.01-00.33.03:422][956]LogModuleManager: Shutting down and abandoning module AudioFormatOgg (42)
[2015.10.01-00.33.03:422][956]LogModuleManager: Shutting down and abandoning module AudioFormatADPCM (41)
[2015.10.01-00.33.03:422][956]LogModuleManager: Shutting down and abandoning module LinuxTargetPlatform (40)
[2015.10.01-00.33.03:422][956]LogModuleManager: Shutting down and abandoning module LinuxServerTargetPlatform (39)
[2015.10.01-00.33.03:422][956]LogModuleManager: Shutting down and abandoning module LinuxNoEditorTargetPlatform (38)
[2015.10.01-00.33.03:422][956]LogModuleManager: Shutting down and abandoning module Messaging (37)
[2015.10.01-00.33.03:422][956]LogModuleManager: Shutting down and abandoning module IOSTargetPlatform (36)
[2015.10.01-00.33.03:422][956]LogModuleManager: Shutting down and abandoning module HTML5TargetPlatform (35)
[2015.10.01-00.33.03:422][956]LogModuleManager: Shutting down and abandoning module Android_PVRTCTargetPlatform (34)
[2015.10.01-00.33.03:422][956]LogModuleManager: Shutting down and abandoning module Android_ETC2TargetPlatform (33)
[2015.10.01-00.33.03:422][956]LogModuleManager: Shutting down and abandoning module Android_ETC1TargetPlatform (32)
[2015.10.01-00.33.03:423][956]LogModuleManager: Shutting down and abandoning module Android_DXTTargetPlatform (31)
[2015.10.01-00.33.03:423][956]LogModuleManager: Shutting down and abandoning module Android_ATCTargetPlatform (30)
[2015.10.01-00.33.03:423][956]LogModuleManager: Shutting down and abandoning module Android_ASTCTargetPlatform (29)
[2015.10.01-00.33.03:423][956]LogModuleManager: Shutting down and abandoning module AndroidTargetPlatform (28)
[2015.10.01-00.33.03:423][956]LogModuleManager: Shutting down and abandoning module WindowsTargetPlatform (27)
[2015.10.01-00.33.03:423][956]LogModuleManager: Shutting down and abandoning module WindowsServerTargetPlatform (26)
[2015.10.01-00.33.03:423][956]LogModuleManager: Shutting down and abandoning module WindowsNoEditorTargetPlatform (25)
[2015.10.01-00.33.03:423][956]LogModuleManager: Shutting down and abandoning module WindowsClientTargetPlatform (24)
[2015.10.01-00.33.03:423][956]LogModuleManager: Shutting down and abandoning module AllDesktopTargetPlatform (23)
[2015.10.01-00.33.03:423][956]LogModuleManager: Shutting down and abandoning module TargetPlatform (22)
[2015.10.01-00.33.03:423][956]LogModuleManager: Shutting down and abandoning module InputCore (21)
[2015.10.01-00.33.03:423][956]LogModuleManager: Shutting down and abandoning module Settings (20)
[2015.10.01-00.33.03:423][956]LogModuleManager: Shutting down and abandoning module OnlineSubsystem (18)
[2015.10.01-00.33.03:423][956]LogModuleManager: Shutting down and abandoning module HTTP (17)
[2015.10.01-00.33.05:430][956]LogModuleManager: Shutting down and abandoning module XMPP (16)
[2015.10.01-00.33.05:430][956]LogModuleManager: Shutting down and abandoning module ExampleDeviceProfileSelector (15)
[2015.10.01-00.33.05:430][956]LogModuleManager: Shutting down and abandoning module TextureCompressor (14)
[2015.10.01-00.33.05:430][956]LogModuleManager: Shutting down and abandoning module ShaderCore (13)
[2015.10.01-00.33.05:430][956]LogModuleManager: Shutting down and abandoning module Landscape (12)
[2015.10.01-00.33.05:430][956]LogModuleManager: Shutting down and abandoning module SlateRHIRenderer (11)
[2015.10.01-00.33.05:431][956]LogModuleManager: Shutting down and abandoning module OpenGLDrv (10)
[2015.10.01-00.33.05:431][956]LogModuleManager: Shutting down and abandoning module D3D11RHI (9)
[2015.10.01-00.33.05:431][956]LogModuleManager: Shutting down and abandoning module AnimGraphRuntime (8)
[2015.10.01-00.33.05:431][956]LogModuleManager: Shutting down and abandoning module Renderer (7)
[2015.10.01-00.33.05:431][956]LogModuleManager: Shutting down and abandoning module Engine (6)
[2015.10.01-00.33.05:431][956]LogModuleManager: Shutting down and abandoning module CoreUObject (5)
[2015.10.01-00.33.05:432][956]LogModuleManager: Shutting down and abandoning module NetworkFile (4)
[2015.10.01-00.33.05:432][956]LogModuleManager: Shutting down and abandoning module StreamingFile (3)
[2015.10.01-00.33.05:432][956]LogModuleManager: Shutting down and abandoning module SandboxFile (2)
[2015.10.01-00.33.05:432][956]LogModuleManager: Shutting down and abandoning module PakFile (1)
[2015.10.01-00.33.05:432][956]LogExit: Exiting.
[2015.10.01-00.33.05:462][956]Log file closed, 09/30/15 17:33:05
